[0527/145047.696:INFO:CONSOLE(21172)] "THREE.WebGLRenderer 92", source: file:///C:/Program%20Files/AnyLogic%208.9%20Personal%20Learning%20Edition/plugins/com.anylogic.graphics3d_8.9.0.202404161236/static/build/three.js (21172)
[0527/145048.593:INFO:CONSOLE(3660)] "THREE.ColladaLoader: File version 1.4.0", source: file:///C:/Program%20Files/AnyLogic%208.9%20Personal%20Learning%20Edition/plugins/com.anylogic.graphics3d_8.9.0.202404161236/static/libs/ColladaLoader.js (3660)
[0527/145048.615:INFO:CONSOLE(255)] "Loaded: file:C:/Users/Dell/Desktop/NguyenThuDung - 213214129/NguyenThuyDung213214129/3d/person.dae", source: file:///C:/Program%20Files/AnyLogic%208.9%20Personal%20Learning%20Edition/plugins/com.anylogic.graphics3d_8.9.0.202404161236/static/init.js (255)
[0527/145048.616:INFO:CONSOLE(271)] "load end: file:C:/Users/Dell/Desktop/NguyenThuDung - 213214129/NguyenThuyDung213214129/3d/person.dae", source: file:///C:/Program%20Files/AnyLogic%208.9%20Personal%20Learning%20Edition/plugins/com.anylogic.graphics3d_8.9.0.202404161236/static/init.js (271)
[0527/145051.364:INFO:CONSOLE(3660)] "THREE.ColladaLoader: File version 1.4.0", source: file:///C:/Program%20Files/AnyLogic%208.9%20Personal%20Learning%20Edition/plugins/com.anylogic.graphics3d_8.9.0.202404161236/static/libs/ColladaLoader.js (3660)
[0527/145051.370:INFO:CONSOLE(255)] "Loaded: file:C:/Users/Dell/Desktop/NguyenThuDung - 213214129/NguyenThuyDung213214129/3d/officeworker.dae", source: file:///C:/Program%20Files/AnyLogic%208.9%20Personal%20Learning%20Edition/plugins/com.anylogic.graphics3d_8.9.0.202404161236/static/init.js (255)
[0527/145051.370:INFO:CONSOLE(271)] "load end: file:C:/Users/Dell/Desktop/NguyenThuDung - 213214129/NguyenThuyDung213214129/3d/officeworker.dae", source: file:///C:/Program%20Files/AnyLogic%208.9%20Personal%20Learning%20Edition/plugins/com.anylogic.graphics3d_8.9.0.202404161236/static/init.js (271)
[0527/145051.413:INFO:CONSOLE(3660)] "THREE.ColladaLoader: File version 1.4.0", source: file:///C:/Program%20Files/AnyLogic%208.9%20Personal%20Learning%20Edition/plugins/com.anylogic.graphics3d_8.9.0.202404161236/static/libs/ColladaLoader.js (3660)
[0527/145051.413:INFO:CONSOLE(255)] "Loaded: file:C:/Users/Dell/Desktop/NguyenThuDung - 213214129/NguyenThuyDung213214129/3d/vending_machine.dae", source: file:///C:/Program%20Files/AnyLogic%208.9%20Personal%20Learning%20Edition/plugins/com.anylogic.graphics3d_8.9.0.202404161236/static/init.js (255)
[0527/145051.413:INFO:CONSOLE(271)] "load end: file:C:/Users/Dell/Desktop/NguyenThuDung - 213214129/NguyenThuyDung213214129/3d/vending_machine.dae", source: file:///C:/Program%20Files/AnyLogic%208.9%20Personal%20Learning%20Edition/plugins/com.anylogic.graphics3d_8.9.0.202404161236/static/init.js (271)
[0527/145247.146:ERROR:gpu_init.cc(523)] Passthrough is not supported, GL is disabled, ANGLE is 
[1017/131008.356:INFO:CONSOLE(21172)] "THREE.WebGLRenderer 92", source: file:///C:/Program%20Files/AnyLogic%208.9%20Personal%20Learning%20Edition/plugins/com.anylogic.graphics3d_8.9.0.202404161236/static/build/three.js (21172)
[1017/131009.133:INFO:CONSOLE(3660)] "THREE.ColladaLoader: File version 1.4.0", source: file:///C:/Program%20Files/AnyLogic%208.9%20Personal%20Learning%20Edition/plugins/com.anylogic.graphics3d_8.9.0.202404161236/static/libs/ColladaLoader.js (3660)
[1017/131009.149:INFO:CONSOLE(255)] "Loaded: file:C:/Users/Dell/Desktop/NguyenThuDung - 213214129/NguyenThuyDung213214129/3d/person.dae", source: file:///C:/Program%20Files/AnyLogic%208.9%20Personal%20Learning%20Edition/plugins/com.anylogic.graphics3d_8.9.0.202404161236/static/init.js (255)
[1017/131009.149:INFO:CONSOLE(271)] "load end: file:C:/Users/Dell/Desktop/NguyenThuDung - 213214129/NguyenThuyDung213214129/3d/person.dae", source: file:///C:/Program%20Files/AnyLogic%208.9%20Personal%20Learning%20Edition/plugins/com.anylogic.graphics3d_8.9.0.202404161236/static/init.js (271)
[1017/131012.895:INFO:CONSOLE(3660)] "THREE.ColladaLoader: File version 1.4.0", source: file:///C:/Program%20Files/AnyLogic%208.9%20Personal%20Learning%20Edition/plugins/com.anylogic.graphics3d_8.9.0.202404161236/static/libs/ColladaLoader.js (3660)
[1017/131012.906:INFO:CONSOLE(255)] "Loaded: file:C:/Users/Dell/Desktop/NguyenThuDung - 213214129/NguyenThuyDung213214129/3d/officeworker.dae", source: file:///C:/Program%20Files/AnyLogic%208.9%20Personal%20Learning%20Edition/plugins/com.anylogic.graphics3d_8.9.0.202404161236/static/init.js (255)
[1017/131012.906:INFO:CONSOLE(271)] "load end: file:C:/Users/Dell/Desktop/NguyenThuDung - 213214129/NguyenThuyDung213214129/3d/officeworker.dae", source: file:///C:/Program%20Files/AnyLogic%208.9%20Personal%20Learning%20Edition/plugins/com.anylogic.graphics3d_8.9.0.202404161236/static/init.js (271)
[1017/131012.955:INFO:CONSOLE(3660)] "THREE.ColladaLoader: File version 1.4.0", source: file:///C:/Program%20Files/AnyLogic%208.9%20Personal%20Learning%20Edition/plugins/com.anylogic.graphics3d_8.9.0.202404161236/static/libs/ColladaLoader.js (3660)
[1017/131012.955:INFO:CONSOLE(255)] "Loaded: file:C:/Users/Dell/Desktop/NguyenThuDung - 213214129/NguyenThuyDung213214129/3d/vending_machine.dae", source: file:///C:/Program%20Files/AnyLogic%208.9%20Personal%20Learning%20Edition/plugins/com.anylogic.graphics3d_8.9.0.202404161236/static/init.js (255)
[1017/131012.955:INFO:CONSOLE(271)] "load end: file:C:/Users/Dell/Desktop/NguyenThuDung - 213214129/NguyenThuyDung213214129/3d/vending_machine.dae", source: file:///C:/Program%20Files/AnyLogic%208.9%20Personal%20Learning%20Edition/plugins/com.anylogic.graphics3d_8.9.0.202404161236/static/init.js (271)
